osv	UNKNOWN STEP	∩╗┐2026-02-13T03:36:48.6317598Z Current runner version: '2.331.0'
osv	UNKNOWN STEP	2026-02-13T03:36:48.6340338Z ##[group]Runner Image Provisioner
osv	UNKNOWN STEP	2026-02-13T03:36:48.6341189Z Hosted Compute Agent
osv	UNKNOWN STEP	2026-02-13T03:36:48.6341731Z Version: 20260123.484
osv	UNKNOWN STEP	2026-02-13T03:36:48.6342394Z Commit: 6bd6555ca37d84114959e1c76d2c01448ff61c5d
osv	UNKNOWN STEP	2026-02-13T03:36:48.6343169Z Build Date: 2026-01-23T19:41:17Z
osv	UNKNOWN STEP	2026-02-13T03:36:48.6343808Z Worker ID: {7fd165cf-82aa-4178-b8e9-91c6815d20b3}
osv	UNKNOWN STEP	2026-02-13T03:36:48.6344578Z Azure Region: westus
osv	UNKNOWN STEP	2026-02-13T03:36:48.6345112Z ##[endgroup]
osv	UNKNOWN STEP	2026-02-13T03:36:48.6346564Z ##[group]Operating System
osv	UNKNOWN STEP	2026-02-13T03:36:48.6347136Z Ubuntu
osv	UNKNOWN STEP	2026-02-13T03:36:48.6348193Z 24.04.3
osv	UNKNOWN STEP	2026-02-13T03:36:48.6348648Z LTS
osv	UNKNOWN STEP	2026-02-13T03:36:48.6349108Z ##[endgroup]
osv	UNKNOWN STEP	2026-02-13T03:36:48.6349668Z ##[group]Runner Image
osv	UNKNOWN STEP	2026-02-13T03:36:48.6350240Z Image: ubuntu-24.04
osv	UNKNOWN STEP	2026-02-13T03:36:48.6350744Z Version: 20260209.23.1
osv	UNKNOWN STEP	2026-02-13T03:36:48.6352017Z Included Software: https://github.com/actions/runner-images/blob/ubuntu24/20260209.23/images/ubuntu/Ubuntu2404-Readme.md
osv	UNKNOWN STEP	2026-02-13T03:36:48.6353442Z Image Release: https://github.com/actions/runner-images/releases/tag/ubuntu24%2F20260209.23
osv	UNKNOWN STEP	2026-02-13T03:36:48.6354495Z ##[endgroup]
osv	UNKNOWN STEP	2026-02-13T03:36:48.6355480Z ##[group]GITHUB_TOKEN Permissions
osv	UNKNOWN STEP	2026-02-13T03:36:48.6357725Z Contents: read
osv	UNKNOWN STEP	2026-02-13T03:36:48.6358276Z Metadata: read
osv	UNKNOWN STEP	2026-02-13T03:36:48.6358789Z ##[endgroup]
osv	UNKNOWN STEP	2026-02-13T03:36:48.6361135Z Secret source: Actions
osv	UNKNOWN STEP	2026-02-13T03:36:48.6361878Z Prepare workflow directory
osv	UNKNOWN STEP	2026-02-13T03:36:48.6681201Z Prepare all required actions
osv	UNKNOWN STEP	2026-02-13T03:36:48.6718477Z Getting action download info
osv	UNKNOWN STEP	2026-02-13T03:36:49.1232845Z Download action repository 'actions/checkout@v4' (SHA:34e114876b0b11c390a56381ad16ebd13914f8d5)
osv	UNKNOWN STEP	2026-02-13T03:36:49.2728957Z Download action repository 'google/osv-scanner-action@v2.3.3' (SHA:c5996e0193a3df57d695c1b8a1dec2a4c62e8730)
osv	UNKNOWN STEP	2026-02-13T03:36:50.4241408Z ##[error]Top level 'runs:' section is required for google/osv-scanner-action/v2.3.3/action.yml

